app/manifest-merger-test-report.txt
-- Merging decision tree log ---
manifest
ADDED from AndroidManifest.xml:2:1
	package
		ADDED from AndroidManifest.xml:3:5
		INJECTED from AndroidManifest.xml:0:0
		INJECTED from AndroidManifest.xml:0:0
	android:versionName
		ADDED from AndroidManifest.xml:5:5
		INJECTED from AndroidManifest.xml:0:0
		INJECTED from AndroidManifest.xml:0:0
	android:versionCode
		ADDED from AndroidManifest.xml:4:5
		INJECTED from AndroidManifest.xml:0:0
		INJECTED from AndroidManifest.xml:0:0
	xmlns:android
		ADDED from AndroidManifest.xml:2:11
uses-sdk
ADDED from AndroidManifest.xml:7:5
MERGED from com.android.support:multidex:1.0.0:18:5
MERGED from com.android.support:appcompat-v7:21.0.3:15:5
MERGED from com.android.support:support-v4:21.0.3:15:5
MERGED from com.android.support:support-v4:21.0.3:15:5
MERGED from MeiShuQuanAndroid:library:unspecified:7:5
MERGED from com.android.support:support-v4:21.0.3:15:5
MERGED from com.android.support:recyclerview-v7:21.0.3:15:5
MERGED from com.android.support:support-v4:21.0.3:15:5
	android:targetSdkVersion
		ADDED from AndroidManifest.xml:9:9
		INJECTED from AndroidManifest.xml:0:0
		INJECTED from AndroidManifest.xml:0:0
	android:minSdkVersion
		ADDED from AndroidManifest.xml:8:9
		INJECTED from AndroidManifest.xml:0:0
		INJECTED from AndroidManifest.xml:0:0
uses-permission#android.permission.INTERNET
ADDED from AndroidManifest.xml:12:5
	android:name
		ADDED from AndroidManifest.xml:12:22
uses-permission#android.permission.ACCESS_NETWORK_STATE
ADDED from AndroidManifest.xml:13:5
	android:name
		ADDED from AndroidManifest.xml:13:22
uses-permission#android.permission.WRITE_EXTERNAL_STORAGE
ADDED from AndroidManifest.xml:14:5
	android:name
		ADDED from AndroidManifest.xml:14:22
uses-permission#android.permission.READ_EXTERNAL_STORAGE
ADDED from AndroidManifest.xml:15:5
	android:name
		ADDED from AndroidManifest.xml:15:22
uses-permission#android.permission.ACCESS_WIFI_STATE
ADDED from AndroidManifest.xml:16:5
	android:name
		ADDED from AndroidManifest.xml:16:22
uses-permission#com.android.launcher.permission.INSTALL_SHORTCUT
ADDED from AndroidManifest.xml:17:5
	android:name
		ADDED from AndroidManifest.xml:17:22
uses-permission#android.permission.SYSTEM_ALERT_WINDOW
ADDED from AndroidManifest.xml:18:5
	android:name
		ADDED from AndroidManifest.xml:18:22
uses-permission#android.permission.CHANGE_CONFIGURATION
ADDED from AndroidManifest.xml:19:5
	android:name
		ADDED from AndroidManifest.xml:19:22
uses-permission#android.permission.READ_CONTACTS
ADDED from AndroidManifest.xml:20:5
	android:name
		ADDED from AndroidManifest.xml:20:22
uses-permission#android.permission.VIBRATE
ADDED from AndroidManifest.xml:22:5
	android:name
		ADDED from AndroidManifest.xml:22:22
uses-permission#android.permission.READ_PHONE_STATE
ADDED from AndroidManifest.xml:23:5
	android:name
		ADDED from AndroidManifest.xml:23:22
uses-permission#android.permission.RECORD_AUDIO
ADDED from AndroidManifest.xml:25:5
	android:name
		ADDED from AndroidManifest.xml:25:22
uses-permission#android.permission.GET_TASKS
ADDED from AndroidManifest.xml:26:5
	android:name
		ADDED from AndroidManifest.xml:26:22
uses-permission#android.permission.WAKE_LOCK
ADDED from AndroidManifest.xml:27:5
	android:name
		ADDED from AndroidManifest.xml:27:22
uses-permission#android.permission.MODIFY_AUDIO_SETTINGS
ADDED from AndroidManifest.xml:28:5
	android:name
		ADDED from AndroidManifest.xml:28:22
uses-permission#android.permission.CAMERA
ADDED from AndroidManifest.xml:29:5
	android:name
		ADDED from AndroidManifest.xml:29:22
uses-permission#android.permission.WRITE_SETTINGS
ADDED from AndroidManifest.xml:40:5
	android:name
		ADDED from AndroidManifest.xml:40:22
uses-permission#android.permission.BROADCAST_PACKAGE_ADDED
ADDED from AndroidManifest.xml:47:5
	android:name
		ADDED from AndroidManifest.xml:47:22
uses-permission#android.permission.BROADCAST_PACKAGE_CHANGED
ADDED from AndroidManifest.xml:48:5
	android:name
		ADDED from AndroidManifest.xml:48:22
uses-permission#android.permission.BROADCAST_PACKAGE_INSTALL
ADDED from AndroidManifest.xml:49:5
	android:name
		ADDED from AndroidManifest.xml:49:22
uses-permission#android.permission.BROADCAST_PACKAGE_REPLACED
ADDED from AndroidManifest.xml:50:5
	android:name
		ADDED from AndroidManifest.xml:50:22
uses-permission#android.permission.RESTART_PACKAGES
ADDED from AndroidManifest.xml:51:5
	android:name
		ADDED from AndroidManifest.xml:51:22
uses-permission#android.permission.GET_ACCOUNTS
ADDED from AndroidManifest.xml:52:5
	android:name
		ADDED from AndroidManifest.xml:52:22
uses-feature#android.hardware.camera
ADDED from AndroidManifest.xml:55:5
	android:required
		ADDED from AndroidManifest.xml:57:9
	android:name
		ADDED from AndroidManifest.xml:56:9
uses-feature#android.hardware.camera.front
ADDED from AndroidManifest.xml:58:5
	android:required
		ADDED from AndroidManifest.xml:60:9
	android:name
		ADDED from AndroidManifest.xml:59:9
uses-feature#android.hardware.camera.autofocus
ADDED from AndroidManifest.xml:63:5
	android:required
		ADDED from AndroidManifest.xml:65:9
	android:name
		ADDED from AndroidManifest.xml:64:9
uses-feature#android.hardware.camera.flash
ADDED from AndroidManifest.xml:66:5
	android:required
		ADDED from AndroidManifest.xml:68:9
	android:name
		ADDED from AndroidManifest.xml:67:9
application
ADDED from AndroidManifest.xml:70:5
MERGED from com.android.support:appcompat-v7:21.0.3:16:5
MERGED from com.android.support:support-v4:21.0.3:16:5
MERGED from com.android.support:support-v4:21.0.3:16:5
MERGED from com.android.support:support-v4:21.0.3:16:5
MERGED from com.android.support:recyclerview-v7:21.0.3:17:5
MERGED from com.android.support:support-v4:21.0.3:16:5
	android:label
		ADDED from AndroidManifest.xml:74:9
	android:allowBackup
		ADDED from AndroidManifest.xml:72:9
	android:icon
		ADDED from AndroidManifest.xml:73:9
	android:largeHeap
		ADDED from AndroidManifest.xml:75:9
	android:theme
		ADDED from AndroidManifest.xml:76:9
	android:name
		ADDED from AndroidManifest.xml:71:9
meta-data#UMENG_APPKEY
ADDED from AndroidManifest.xml:79:9
	android:value
		ADDED from AndroidManifest.xml:81:13
	android:name
		ADDED from AndroidManifest.xml:80:13
meta-data#UMENG_MESSAGE_SECRET
ADDED from AndroidManifest.xml:82:9
	android:value
		ADDED from AndroidManifest.xml:84:13
	android:name
		ADDED from AndroidManifest.xml:83:13
meta-data#UMENG_CHANNEL
ADDED from AndroidManifest.xml:85:9
	android:value
		ADDED from AndroidManifest.xml:87:13
	android:name
		ADDED from AndroidManifest.xml:86:13
activity#com.metis.meishuquan.HelloActivity
ADDED from AndroidManifest.xml:90:9
	android:label
		ADDED from AndroidManifest.xml:92:13
	android:theme
		ADDED from AndroidManifest.xml:93:13
	android:name
		ADDED from AndroidManifest.xml:91:13
intent-filter#android.intent.action.MAIN+android.intent.category.LAUNCHER
ADDED from AndroidManifest.xml:94:13
action#android.intent.action.MAIN
ADDED from AndroidManifest.xml:95:17
	android:name
		ADDED from AndroidManifest.xml:95:25
category#android.intent.category.LAUNCHER
ADDED from AndroidManifest.xml:97:17
	android:name
		ADDED from AndroidManifest.xml:97:27
activity#com.metis.meishuquan.GuideActivity
ADDED from AndroidManifest.xml:100:9
	android:label
		ADDED from AndroidManifest.xml:102:13
	android:theme
		ADDED from AndroidManifest.xml:103:13
	android:name
		ADDED from AndroidManifest.xml:101:13
activity#com.metis.meishuquan.MainActivity
ADDED from AndroidManifest.xml:105:9
	android:screenOrientation
		ADDED from AndroidManifest.xml:108:13
	android:label
		ADDED from AndroidManifest.xml:107:13
	android:name
		ADDED from AndroidManifest.xml:106:13
activity#com.metis.meishuquan.activity.circle.ChatActivity
ADDED from AndroidManifest.xml:109:9
	android:screenOrientation
		ADDED from AndroidManifest.xml:112:13
	android:configChanges
		ADDED from AndroidManifest.xml:111:13
	android:name
		ADDED from AndroidManifest.xml:110:13
activity#com.metis.meishuquan.activity.circle.ChatFriendSelectionActivity
ADDED from AndroidManifest.xml:113:9
	android:screenOrientation
		ADDED from AndroidManifest.xml:116:13
	android:configChanges
		ADDED from AndroidManifest.xml:115:13
	android:name
		ADDED from AndroidManifest.xml:114:13
activity#com.metis.meishuquan.activity.circle.ChatConfigActivity
ADDED from AndroidManifest.xml:117:9
	android:screenOrientation
		ADDED from AndroidManifest.xml:120:13
	android:configChanges
		ADDED from AndroidManifest.xml:119:13
	android:name
		ADDED from AndroidManifest.xml:118:13
activity#com.metis.meishuquan.activity.info.AdvanceActivity
ADDED from AndroidManifest.xml:121:9
	android:screenOrientation
		ADDED from AndroidManifest.xml:124:13
	android:label
		ADDED from AndroidManifest.xml:123:13
	android:name
		ADDED from AndroidManifest.xml:122:13
activity#com.metis.meishuquan.activity.info.SettingActivity
ADDED from AndroidManifest.xml:125:9
	android:screenOrientation
		ADDED from AndroidManifest.xml:128:13
	android:label
		ADDED from AndroidManifest.xml:127:13
	android:name
		ADDED from AndroidManifest.xml:126:13
activity#com.metis.meishuquan.activity.info.AboutActivity
ADDED from AndroidManifest.xml:129:9
	android:screenOrientation
		ADDED from AndroidManifest.xml:132:13
	android:label
		ADDED from AndroidManifest.xml:131:13
	android:name
		ADDED from AndroidManifest.xml:130:13
activity#com.metis.meishuquan.activity.info.InfoActivity
ADDED from AndroidManifest.xml:133:9
	android:screenOrientation
		ADDED from AndroidManifest.xml:136:13
	android:label
		ADDED from AndroidManifest.xml:135:13
	android:name
		ADDED from AndroidManifest.xml:134:13
activity#com.metis.meishuquan.activity.InputActivity
ADDED from AndroidManifest.xml:137:9
	android:label
		ADDED from AndroidManifest.xml:139:13
	android:windowSoftInputMode
		ADDED from AndroidManifest.xml:140:13
	android:name
		ADDED from AndroidManifest.xml:138:13
activity#com.metis.meishuquan.activity.info.MyFavoritesActivity
ADDED from AndroidManifest.xml:141:9
	android:screenOrientation
		ADDED from AndroidManifest.xml:144:13
	android:label
		ADDED from AndroidManifest.xml:143:13
	android:name
		ADDED from AndroidManifest.xml:142:13
activity#com.metis.meishuquan.activity.info.MyCourseActivity
ADDED from AndroidManifest.xml:145:9
	android:screenOrientation
		ADDED from AndroidManifest.xml:148:13
	android:label
		ADDED from AndroidManifest.xml:147:13
	android:name
		ADDED from AndroidManifest.xml:146:13
activity#com.metis.meishuquan.activity.login.LoginActivity
ADDED from AndroidManifest.xml:149:9
	android:screenOrientation
		ADDED from AndroidManifest.xml:152:13
	android:label
		ADDED from AndroidManifest.xml:151:13
	android:name
		ADDED from AndroidManifest.xml:150:13
activity#com.metis.meishuquan.activity.info.MyCommentsActivity
ADDED from AndroidManifest.xml:153:9
	android:screenOrientation
		ADDED from AndroidManifest.xml:156:13
	android:label
		ADDED from AndroidManifest.xml:155:13
	android:name
		ADDED from AndroidManifest.xml:154:13
activity#com.metis.meishuquan.activity.info.DepartmentActivity
ADDED from AndroidManifest.xml:157:9
	android:screenOrientation
		ADDED from AndroidManifest.xml:160:13
	android:label
		ADDED from AndroidManifest.xml:159:13
	android:name
		ADDED from AndroidManifest.xml:158:13
activity#com.umeng.socialize.view.ShareActivity
ADDED from AndroidManifest.xml:165:9
	android:launchMode
		ADDED from AndroidManifest.xml:168:13
	android:noHistory
		ADDED from AndroidManifest.xml:169:13
	android:windowSoftInputMode
		ADDED from AndroidManifest.xml:171:13
	android:configChanges
		ADDED from AndroidManifest.xml:167:13
	android:theme
		ADDED from AndroidManifest.xml:170:13
	android:name
		ADDED from AndroidManifest.xml:166:13
activity#com.metis.meishuquan.wxapi.WXEntryActivity
ADDED from AndroidManifest.xml:172:9
	android:screenOrientation
		ADDED from AndroidManifest.xml:176:13
	android:exported
		ADDED from AndroidManifest.xml:175:13
	android:configChanges
		ADDED from AndroidManifest.xml:174:13
	android:theme
		ADDED from AndroidManifest.xml:177:13
	android:name
		ADDED from AndroidManifest.xml:173:13
activity#com.tencent.tauth.AuthActivity
ADDED from AndroidManifest.xml:180:9
	android:launchMode
		ADDED from AndroidManifest.xml:182:13
	android:noHistory
		ADDED from AndroidManifest.xml:183:13
	android:name
		ADDED from AndroidManifest.xml:181:13
intent-filter#android.intent.action.VIEW+android.intent.category.BROWSABLE+android.intent.category.DEFAULT
ADDED from AndroidManifest.xml:184:13
action#android.intent.action.VIEW
ADDED from AndroidManifest.xml:185:17
	android:name
		ADDED from AndroidManifest.xml:185:25
category#android.intent.category.DEFAULT
ADDED from AndroidManifest.xml:187:17
	android:name
		ADDED from AndroidManifest.xml:187:27
category#android.intent.category.BROWSABLE
ADDED from AndroidManifest.xml:188:17
	android:name
		ADDED from AndroidManifest.xml:188:27
data
ADDED from AndroidManifest.xml:190:17
	android:scheme
		ADDED from AndroidManifest.xml:190:23
activity#com.tencent.connect.common.AssistActivity
ADDED from AndroidManifest.xml:193:9
	android:theme
		ADDED from AndroidManifest.xml:195:13
	android:name
		ADDED from AndroidManifest.xml:194:13
meta-data#RONG_CLOUD_APP_KEY
ADDED from AndroidManifest.xml:203:9
	android:value
		ADDED from AndroidManifest.xml:205:13
	android:name
		ADDED from AndroidManifest.xml:204:13
service#io.rong.imlib.RongService
ADDED from AndroidManifest.xml:207:9
	android:name
		ADDED from AndroidManifest.xml:207:18
activity#io.rong.imkit.RongActivity
ADDED from AndroidManifest.xml:209:9
	android:screenOrientation
		ADDED from AndroidManifest.xml:211:13
	android:name
		ADDED from AndroidManifest.xml:210:13
intent-filter#android.intent.action.VIEW+android.intent.category.DEFAULT
ADDED from AndroidManifest.xml:212:13
activity#io.rong.imkit.RongSingleActivity
ADDED from AndroidManifest.xml:253:9
	android:screenOrientation
		ADDED from AndroidManifest.xml:256:13
	android:launchMode
		ADDED from AndroidManifest.xml:255:13
	android:name
		ADDED from AndroidManifest.xml:254:13
activity#io.rong.imkit.RongSecActivity
ADDED from AndroidManifest.xml:268:9
	android:screenOrientation
		ADDED from AndroidManifest.xml:271:13
	android:launchMode
		ADDED from AndroidManifest.xml:270:13
	android:name
		ADDED from AndroidManifest.xml:269:13
activity#io.rong.voipkit.activity.CallSideActivity
ADDED from AndroidManifest.xml:323:9
	android:screenOrientation
		ADDED from AndroidManifest.xml:325:13
	android:name
		ADDED from AndroidManifest.xml:324:13
activity#io.rong.voipkit.activity.CalledSideActivity
ADDED from AndroidManifest.xml:326:9
	android:screenOrientation
		ADDED from AndroidManifest.xml:329:13
	android:excludeFromRecents
		ADDED from AndroidManifest.xml:328:13
	android:name
		ADDED from AndroidManifest.xml:327:13
intent-filter#android.intent.category.DEFAULT+io.rong.voipkit.calledSideActivity.action
ADDED from AndroidManifest.xml:330:13
action#io.rong.voipkit.calledSideActivity.action
ADDED from AndroidManifest.xml:331:17
	android:name
		ADDED from AndroidManifest.xml:331:25
service#io.rong.imkit.service.RongIMService
ADDED from AndroidManifest.xml:342:9
	android:enabled
		ADDED from AndroidManifest.xml:344:13
	android:exported
		ADDED from AndroidManifest.xml:345:13
	android:priority
		ADDED from AndroidManifest.xml:346:13
	android:name
		ADDED from AndroidManifest.xml:343:13
service#io.rong.imlib.push.PushService
ADDED from AndroidManifest.xml:347:9
	android:process
		ADDED from AndroidManifest.xml:349:13
	android:name
		ADDED from AndroidManifest.xml:348:13
intent-filter#android.intent.category.DEFAULT+io.rong.push
ADDED from AndroidManifest.xml:350:13
action#io.rong.push
ADDED from AndroidManifest.xml:353:17
	android:name
		ADDED from AndroidManifest.xml:353:25
service#io.rong.imlib.push.CommandService
ADDED from AndroidManifest.xml:356:9
	android:process
		ADDED from AndroidManifest.xml:358:13
	android:name
		ADDED from AndroidManifest.xml:357:13
intent-filter#android.intent.category.DEFAULT+io.rong.command
ADDED from AndroidManifest.xml:359:13
action#io.rong.command
ADDED from AndroidManifest.xml:362:17
	android:name
		ADDED from AndroidManifest.xml:362:25
receiver#io.rong.imlib.push.PushReceiver
ADDED from AndroidManifest.xml:366:9
	android:process
		ADDED from AndroidManifest.xml:368:13
	android:name
		ADDED from AndroidManifest.xml:367:13
intent-filter#io.rong.imlib.action.push.heartbeat
ADDED from AndroidManifest.xml:369:13
action#io.rong.imlib.action.push.heartbeat
ADDED from AndroidManifest.xml:370:17
	android:name
		ADDED from AndroidManifest.xml:370:25
intent-filter#android.net.conn.CONNECTIVITY_CHANGE
ADDED from AndroidManifest.xml:372:13
action#android.net.conn.CONNECTIVITY_CHANGE
ADDED from AndroidManifest.xml:373:17
	android:name
		ADDED from AndroidManifest.xml:373:25
intent-filter#android.intent.action.BOOT_COMPLETED
ADDED from AndroidManifest.xml:375:13
action#android.intent.action.BOOT_COMPLETED
ADDED from AndroidManifest.xml:376:17
	android:name
		ADDED from AndroidManifest.xml:376:25
receiver#io.rong.imlib.push.PushMessageReceiver
ADDED from AndroidManifest.xml:379:9
	android:name
		ADDED from AndroidManifest.xml:379:19
intent-filter#io.rong.push.message
ADDED from AndroidManifest.xml:380:13
action#io.rong.push.message
ADDED from AndroidManifest.xml:381:17
	android:name
		ADDED from AndroidManifest.xml:381:25
activity#com.metis.meishuquan.activity.info.DepartmentEditActivity
ADDED from AndroidManifest.xml:387:9
	android:screenOrientation
		ADDED from AndroidManifest.xml:390:13
	android:label
		ADDED from AndroidManifest.xml:389:13
	android:name
		ADDED from AndroidManifest.xml:388:13
activity#com.metis.meishuquan.activity.info.ConstellationActivity
ADDED from AndroidManifest.xml:391:9
	android:screenOrientation
		ADDED from AndroidManifest.xml:394:13
	android:label
		ADDED from AndroidManifest.xml:393:13
	android:name
		ADDED from AndroidManifest.xml:392:13
activity#com.metis.meishuquan.activity.info.NameCardQrActivity
ADDED from AndroidManifest.xml:395:9
	android:screenOrientation
		ADDED from AndroidManifest.xml:398:13
	android:label
		ADDED from AndroidManifest.xml:397:13
	android:name
		ADDED from AndroidManifest.xml:396:13
activity#com.metis.meishuquan.activity.info.QrScanActivity
ADDED from AndroidManifest.xml:399:9
	android:screenOrientation
		ADDED from AndroidManifest.xml:402:13
	android:label
		ADDED from AndroidManifest.xml:401:13
	android:theme
		ADDED from AndroidManifest.xml:403:13
	android:name
		ADDED from AndroidManifest.xml:400:13
activity#com.metis.meishuquan.activity.topline.NewsInfoActity
ADDED from AndroidManifest.xml:404:9
	android:screenOrientation
		ADDED from AndroidManifest.xml:407:13
	android:label
		ADDED from AndroidManifest.xml:406:13
	android:name
		ADDED from AndroidManifest.xml:405:13
activity#com.metis.meishuquan.activity.info.ImagePreviewActivity
ADDED from AndroidManifest.xml:408:9
	android:screenOrientation
		ADDED from AndroidManifest.xml:411:13
	android:label
		ADDED from AndroidManifest.xml:410:13
	android:name
		ADDED from AndroidManifest.xml:409:13
activity#com.metis.meishuquan.activity.course.ChooseCourseActivity
ADDED from AndroidManifest.xml:412:9
	android:screenOrientation
		ADDED from AndroidManifest.xml:415:13
	android:label
		ADDED from AndroidManifest.xml:414:13
	android:name
		ADDED from AndroidManifest.xml:413:13
activity#com.metis.meishuquan.activity.course.CourseInfoActivity
ADDED from AndroidManifest.xml:416:9
	android:screenOrientation
		ADDED from AndroidManifest.xml:419:13
	android:label
		ADDED from AndroidManifest.xml:418:13
	android:name
		ADDED from AndroidManifest.xml:417:13
activity#com.metis.meishuquan.activity.info.TextActivity
ADDED from AndroidManifest.xml:420:9
	android:screenOrientation
		ADDED from AndroidManifest.xml:423:13
	android:label
		ADDED from AndroidManifest.xml:422:13
	android:name
		ADDED from AndroidManifest.xml:421:13
activity#com.metis.meishuquan.activity.assess.AssessInfoActivity
ADDED from AndroidManifest.xml:424:9
	android:screenOrientation
		ADDED from AndroidManifest.xml:427:13
	android:label
		ADDED from AndroidManifest.xml:426:13
	android:name
		ADDED from AndroidManifest.xml:425:13
activity#com.metis.meishuquan.activity.info.ChangePwdActivity
ADDED from AndroidManifest.xml:428:9
	android:screenOrientation
		ADDED from AndroidManifest.xml:431:13
	android:label
		ADDED from AndroidManifest.xml:430:13
	android:name
		ADDED from AndroidManifest.xml:429:13
activity#com.metis.meishuquan.activity.info.homepage.StudioActivity
ADDED from AndroidManifest.xml:432:9
	android:screenOrientation
		ADDED from AndroidManifest.xml:435:13
	android:label
		ADDED from AndroidManifest.xml:434:13
	android:name
		ADDED from AndroidManifest.xml:433:13
activity#com.metis.meishuquan.activity.info.homepage.StudioAlbumActivity
ADDED from AndroidManifest.xml:436:9
	android:screenOrientation
		ADDED from AndroidManifest.xml:439:13
	android:label
		ADDED from AndroidManifest.xml:438:13
	android:name
		ADDED from AndroidManifest.xml:437:13
activity#com.metis.meishuquan.activity.info.homepage.VideoListActivity
ADDED from AndroidManifest.xml:440:9
	android:screenOrientation
		ADDED from AndroidManifest.xml:443:13
	android:label
		ADDED from AndroidManifest.xml:442:13
	android:name
		ADDED from AndroidManifest.xml:441:13
activity#com.metis.meishuquan.activity.info.homepage.CourseArrangementActivity
ADDED from AndroidManifest.xml:444:9
	android:screenOrientation
		ADDED from AndroidManifest.xml:447:13
	android:label
		ADDED from AndroidManifest.xml:446:13
	android:name
		ADDED from AndroidManifest.xml:445:13
activity#com.metis.meishuquan.activity.info.homepage.TeacherTeamActivity
ADDED from AndroidManifest.xml:448:9
	android:screenOrientation
		ADDED from AndroidManifest.xml:451:13
	android:label
		ADDED from AndroidManifest.xml:450:13
	android:name
		ADDED from AndroidManifest.xml:449:13
activity#com.metis.meishuquan.activity.info.homepage.ChargeActivity
ADDED from AndroidManifest.xml:452:9
	android:screenOrientation
		ADDED from AndroidManifest.xml:455:13
	android:label
		ADDED from AndroidManifest.xml:454:13
	android:name
		ADDED from AndroidManifest.xml:453:13
activity#com.metis.meishuquan.activity.info.homepage.BookListActivity
ADDED from AndroidManifest.xml:456:9
	android:screenOrientation
		ADDED from AndroidManifest.xml:459:13
	android:label
		ADDED from AndroidManifest.xml:458:13
	android:name
		ADDED from AndroidManifest.xml:457:13
activity#com.metis.meishuquan.activity.info.MyFavoriteDetailActivity
ADDED from AndroidManifest.xml:460:9
	android:screenOrientation
		ADDED from AndroidManifest.xml:463:13
	android:label
		ADDED from AndroidManifest.xml:462:13
	android:name
		ADDED from AndroidManifest.xml:461:13
activity#com.metis.meishuquan.activity.act.ActDetailActivity
ADDED from AndroidManifest.xml:464:9
	android:screenOrientation
		ADDED from AndroidManifest.xml:467:13
	android:label
		ADDED from AndroidManifest.xml:466:13
	android:name
		ADDED from AndroidManifest.xml:465:13
activity#com.metis.meishuquan.activity.assess.ImageGridActivity
ADDED from AndroidManifest.xml:468:9
	android:screenOrientation
		ADDED from AndroidManifest.xml:470:13
	android:theme
		ADDED from AndroidManifest.xml:471:13
	android:name
		ADDED from AndroidManifest.xml:469:13
activity#com.metis.meishuquan.activity.assess.TestPicActivity
ADDED from AndroidManifest.xml:472:9
	android:screenOrientation
		ADDED from AndroidManifest.xml:474:13
	android:theme
		ADDED from AndroidManifest.xml:475:13
	android:name
		ADDED from AndroidManifest.xml:473:13
activity#com.metis.meishuquan.activity.info.homepage.HumanActivity
ADDED from AndroidManifest.xml:476:9
	android:screenOrientation
		ADDED from AndroidManifest.xml:479:13
	android:label
		ADDED from AndroidManifest.xml:478:13
	android:name
		ADDED from AndroidManifest.xml:477:13
activity#com.metis.meishuquan.activity.info.homepage.StudioDetailActivity
ADDED from AndroidManifest.xml:480:9
	android:screenOrientation
		ADDED from AndroidManifest.xml:483:13
	android:label
		ADDED from AndroidManifest.xml:482:13
	android:name
		ADDED from AndroidManifest.xml:481:13
activity#com.metis.meishuquan.activity.act.SelectStudioActivity
ADDED from AndroidManifest.xml:484:9
	android:screenOrientation
		ADDED from AndroidManifest.xml:487:13
	android:label
		ADDED from AndroidManifest.xml:486:13
	android:name
		ADDED from AndroidManifest.xml:485:13
activity#com.metis.meishuquan.activity.info.homepage.AchievementDetailActivity
ADDED from AndroidManifest.xml:488:9
	android:screenOrientation
		ADDED from AndroidManifest.xml:491:13
	android:label
		ADDED from AndroidManifest.xml:490:13
	android:name
		ADDED from AndroidManifest.xml:489:13
activity#com.metis.meishuquan.activity.WebActivity
ADDED from AndroidManifest.xml:492:9
	android:screenOrientation
		ADDED from AndroidManifest.xml:495:13
	android:label
		ADDED from AndroidManifest.xml:494:13
	android:name
		ADDED from AndroidManifest.xml:493:13
activity#com.metis.meishuquan.activity.circle.ReplyActivity
ADDED from AndroidManifest.xml:496:9
	android:screenOrientation
		ADDED from AndroidManifest.xml:499:13
	android:label
		ADDED from AndroidManifest.xml:498:13
	android:name
		ADDED from AndroidManifest.xml:497:13
activity#com.metis.meishuquan.activity.info.homepage.ContactUsActivity
ADDED from AndroidManifest.xml:500:9
	android:screenOrientation
		ADDED from AndroidManifest.xml:503:13
	android:label
		ADDED from AndroidManifest.xml:502:13
	android:name
		ADDED from AndroidManifest.xml:501:13
activity#com.metis.meishuquan.activity.circle.SearchUserInfoActivity
ADDED from AndroidManifest.xml:504:9
	android:screenOrientation
		ADDED from AndroidManifest.xml:507:13
	android:label
		ADDED from AndroidManifest.xml:506:13
	android:name
		ADDED from AndroidManifest.xml:505:13
activity#com.metis.meishuquan.activity.circle.RequestMessageActivity
ADDED from AndroidManifest.xml:508:9
	android:screenOrientation
		ADDED from AndroidManifest.xml:511:13
	android:label
		ADDED from AndroidManifest.xml:510:13
	android:name
		ADDED from AndroidManifest.xml:509:13
activity#com.metis.meishuquan.activity.circle.SearchUserActivity
ADDED from AndroidManifest.xml:512:9
	android:screenOrientation
		ADDED from AndroidManifest.xml:515:13
	android:label
		ADDED from AndroidManifest.xml:514:13
	android:windowSoftInputMode
		ADDED from AndroidManifest.xml:516:13
	android:name
		ADDED from AndroidManifest.xml:513:13
activity#com.metis.meishuquan.activity.FriendsChooseActivity
ADDED from AndroidManifest.xml:517:9
	android:screenOrientation
		ADDED from AndroidManifest.xml:520:13
	android:label
		ADDED from AndroidManifest.xml:519:13
	android:name
		ADDED from AndroidManifest.xml:518:13
activity#com.metis.meishuquan.activity.act.StudentListActivity
ADDED from AndroidManifest.xml:521:9
	android:screenOrientation
		ADDED from AndroidManifest.xml:524:13
	android:label
		ADDED from AndroidManifest.xml:523:13
	android:name
		ADDED from AndroidManifest.xml:522:13
receiver#com.umeng.message.NotificationProxyBroadcastReceiver
ADDED from AndroidManifest.xml:527:9
	android:process
		ADDED from AndroidManifest.xml:530:13
	android:exported
		ADDED from AndroidManifest.xml:529:13
	android:name
		ADDED from AndroidManifest.xml:528:13
receiver#com.umeng.message.SystemReceiver
ADDED from AndroidManifest.xml:532:9
	android:process
		ADDED from AndroidManifest.xml:534:13
	android:name
		ADDED from AndroidManifest.xml:533:13
intent-filter#android.intent.action.PACKAGE_REMOVED
ADDED from AndroidManifest.xml:541:13
action#android.intent.action.PACKAGE_REMOVED
ADDED from AndroidManifest.xml:542:17
	android:name
		ADDED from AndroidManifest.xml:542:25
receiver#com.umeng.message.MessageReceiver
ADDED from AndroidManifest.xml:547:9
	android:process
		ADDED from AndroidManifest.xml:549:13
	android:name
		ADDED from AndroidManifest.xml:548:13
intent-filter#org.agoo.android.intent.action.RECEIVE
ADDED from AndroidManifest.xml:550:13
action#org.agoo.android.intent.action.RECEIVE
ADDED from AndroidManifest.xml:551:17
	android:name
		ADDED from AndroidManifest.xml:551:25
receiver#com.umeng.message.ElectionReceiver
ADDED from AndroidManifest.xml:554:9
	android:process
		ADDED from AndroidManifest.xml:556:13
	android:name
		ADDED from AndroidManifest.xml:555:13
intent-filter#org.agoo.android.intent.action.ELECTION_RESULT_V4+umeng
ADDED from AndroidManifest.xml:557:13
action#org.agoo.android.intent.action.ELECTION_RESULT_V4
ADDED from AndroidManifest.xml:558:17
	android:name
		ADDED from AndroidManifest.xml:558:25
category#umeng
ADDED from AndroidManifest.xml:560:17
	android:name
		ADDED from AndroidManifest.xml:560:27
receiver#com.umeng.message.RegistrationReceiver
ADDED from AndroidManifest.xml:563:9
	android:exported
		ADDED from AndroidManifest.xml:565:13
	android:name
		ADDED from AndroidManifest.xml:564:13
intent-filter#com.metis.meishuquan.intent.action.COMMAND
ADDED from AndroidManifest.xml:566:13
action#com.metis.meishuquan.intent.action.COMMAND
ADDED from AndroidManifest.xml:567:17
	android:name
		ADDED from AndroidManifest.xml:567:25
receiver#com.umeng.message.BootBroadcastReceiver
ADDED from AndroidManifest.xml:570:9
	android:name
		ADDED from AndroidManifest.xml:570:19
service#com.umeng.message.UmengService
ADDED from AndroidManifest.xml:576:9
	android:process
		ADDED from AndroidManifest.xml:580:13
	android:label
		ADDED from AndroidManifest.xml:579:13
	android:exported
		ADDED from AndroidManifest.xml:578:13
	android:name
		ADDED from AndroidManifest.xml:577:13
intent-filter#com.metis.meishuquan.intent.action.START
ADDED from AndroidManifest.xml:581:13
action#com.metis.meishuquan.intent.action.START
ADDED from AndroidManifest.xml:582:17
	android:name
		ADDED from AndroidManifest.xml:582:25
intent-filter#com.metis.meishuquan.intent.action.COCKROACH
ADDED from AndroidManifest.xml:584:13
action#com.metis.meishuquan.intent.action.COCKROACH
ADDED from AndroidManifest.xml:585:17
	android:name
		ADDED from AndroidManifest.xml:585:25